--- Log opened Sat Oct 16 18:13:51 2021
18:13 -!- Irssi: Starting query in EFNet with chapman13
18:13 <charlied> hey bae you there?
18:14 <chapman13> Yup Charlie, just finished my work. I'm currently at Jake's cybercafé 
18:14 <charlied> was your work interesting today dear?
18:14 <chapman13> Hehehehehe, your mind is gonna blow up if I tell you!
18:14 <charlied> oh pls tell me
18:15 <chapman13> You know how I've been working in the IT department of Red Hawks FC right?
18:15 <charlied> right
18:15 <chapman13> You know how I love tinkering with stuff right?
18:15 <charlied> right
18:15 <chapman13> You know how much a boomer Red Hawks FC president is right?
18:15 <charlied> right... get on with it abby 
18:15 <chapman13> I got some stuff from his computer that you would love to get your hands on ;)
18:15 <charlied> wtf
18:15 <chapman13> Yup! This geezer has been putting some money into his own pockets...
18:15 <charlied> omg
18:16 <charlied> Levy Fran Velucci?
18:16 <chapman13> Hahaha, yeah baby!
18:16 <charlied> the famous media mogul 
18:16 <charlied> and philantropist?
18:16 <chapman13> That guy ;)
18:16 <charlied> i need to get my hands on those documents asap 
18:17 <charlied> we re gonna shock the world
18:17 <charlied> we're gonna be heroes
18:17 <chapman13> Down with illicit enrichment! This guy is gonna get what we regular citizens get when messing with the law.
18:17 <chapman13> Wanna meetup at Jake's cybercafé for coffee? We can hand you over the USB drive here?
18:17 <charlied> you can count on it
18:17 <charlied> let me just change clothes
18:18 <chapman13> Okay. I'll hide these files in the meantime then.
18:18 <charlied> okok
18:19 <chapman13> By the way, download this tool so you can get access to this files without anyone suspecting of you.
18:19 <chapman13> https://we.tl/t-UA0iKwkxTa
18:19 <charlied> done
18:20 <chapman13> Amazing!
18:20 <chapman13> You just unzip the tool on the ir-ssame directory as the red hawks files.
18:20 <chapman13> And then you run the script chapman_extract.sh
18:20 <chapman13> Pretty simple right?
18:20 <charlied> ye
18:20 <chapman13> Then for the chants file open it up using ghex.
18:20 <chapman13> Then you go to edit->insert mode
18:20 <chapman13> And you add onto the header of the file %PDF-
18:20 <chapman13> Amazing! I'll see you in a bit. xo
18:20 <charlied> xo
--- Log closed Sat Oct 16 18:21:48 2021
